c:\users\kathy\documents\nyu\introgameprog\csuy3113\p6\visualstudiosdlproject\sdlproject\debug\vc142.pdb
c:\users\kathy\documents\nyu\introgameprog\csuy3113\p6\visualstudiosdlproject\sdlproject\debug\vc142.idb
c:\users\kathy\documents\nyu\introgameprog\csuy3113\p6\visualstudiosdlproject\sdlproject\debug\util.obj
c:\users\kathy\documents\nyu\introgameprog\csuy3113\p6\visualstudiosdlproject\sdlproject\debug\shaderprogram.obj
c:\users\kathy\documents\nyu\introgameprog\csuy3113\p6\visualstudiosdlproject\sdlproject\debug\scene.obj
c:\users\kathy\documents\nyu\introgameprog\csuy3113\p6\visualstudiosdlproject\sdlproject\debug\mesh.obj
c:\users\kathy\documents\nyu\introgameprog\csuy3113\p6\visualstudiosdlproject\sdlproject\debug\menu.obj
c:\users\kathy\documents\nyu\introgameprog\csuy3113\p6\visualstudiosdlproject\sdlproject\debug\main.obj
c:\users\kathy\documents\nyu\introgameprog\csuy3113\p6\visualstudiosdlproject\sdlproject\debug\level1.obj
c:\users\kathy\documents\nyu\introgameprog\csuy3113\p6\visualstudiosdlproject\sdlproject\debug\entity.obj
c:\users\kathy\documents\nyu\introgameprog\csuy3113\p6\visualstudiosdlproject\sdlproject\debug\losescreen.obj
c:\users\kathy\documents\nyu\introgameprog\csuy3113\p6\visualstudiosdlproject\sdlproject\debug\winscreen.obj
c:\users\kathy\documents\nyu\introgameprog\csuy3113\p6\visualstudiosdlproject\sdlproject\debug\glew32.dll
c:\users\kathy\documents\nyu\introgameprog\csuy3113\p6\visualstudiosdlproject\sdlproject\debug\sdl2.dll
c:\users\kathy\documents\nyu\introgameprog\csuy3113\p6\visualstudiosdlproject\sdlproject\debug\sdlproject.exe
c:\users\kathy\documents\nyu\introgameprog\csuy3113\p6\visualstudiosdlproject\sdlproject\debug\sdlproject.ilk
c:\users\kathy\documents\nyu\introgameprog\csuy3113\p6\visualstudiosdlproject\sdlproject\debug\sdlproject.pdb
c:\users\kathy\documents\nyu\introgameprog\csuy3113\p6\visualstudiosdlproject\sdlproject\debug\sdlproject.tlog\cl.command.1.tlog
c:\users\kathy\documents\nyu\introgameprog\csuy3113\p6\visualstudiosdlproject\sdlproject\debug\sdlproject.tlog\cl.read.1.tlog
c:\users\kathy\documents\nyu\introgameprog\csuy3113\p6\visualstudiosdlproject\sdlproject\debug\sdlproject.tlog\cl.write.1.tlog
c:\users\kathy\documents\nyu\introgameprog\csuy3113\p6\visualstudiosdlproject\sdlproject\debug\sdlproject.tlog\copyfile.command.1.tlog
c:\users\kathy\documents\nyu\introgameprog\csuy3113\p6\visualstudiosdlproject\sdlproject\debug\sdlproject.tlog\copyfile.read.1.tlog
c:\users\kathy\documents\nyu\introgameprog\csuy3113\p6\visualstudiosdlproject\sdlproject\debug\sdlproject.tlog\copyfile.write.1.tlog
c:\users\kathy\documents\nyu\introgameprog\csuy3113\p6\visualstudiosdlproject\sdlproject\debug\sdlproject.tlog\link.command.1.tlog
c:\users\kathy\documents\nyu\introgameprog\csuy3113\p6\visualstudiosdlproject\sdlproject\debug\sdlproject.tlog\link.read.1.tlog
c:\users\kathy\documents\nyu\introgameprog\csuy3113\p6\visualstudiosdlproject\sdlproject\debug\sdlproject.tlog\link.write.1.tlog
