c:\users\kathy\documents\nyu\introgameprog\project template\visualstudiosdlproject\visualstudiosdlproject\sdlproject\debug\vc142.pdb
c:\users\kathy\documents\nyu\introgameprog\project template\visualstudiosdlproject\visualstudiosdlproject\sdlproject\debug\vc142.idb
c:\users\kathy\documents\nyu\introgameprog\project template\visualstudiosdlproject\visualstudiosdlproject\sdlproject\debug\shaderprogram.obj
c:\users\kathy\documents\nyu\introgameprog\project template\visualstudiosdlproject\visualstudiosdlproject\sdlproject\debug\main.obj
c:\users\kathy\documents\nyu\introgameprog\csuy3113\lecturecode\1.16 - coding triangle\visualstudiosdlproject\sdlproject\debug\vc142.pdb
c:\users\kathy\documents\nyu\introgameprog\csuy3113\lecturecode\1.16 - coding triangle\visualstudiosdlproject\sdlproject\debug\vc142.idb
c:\users\kathy\documents\nyu\introgameprog\csuy3113\lecturecode\1.16 - coding triangle\visualstudiosdlproject\sdlproject\debug\shaderprogram.obj
c:\users\kathy\documents\nyu\introgameprog\csuy3113\lecturecode\1.16 - coding triangle\visualstudiosdlproject\sdlproject\debug\main.obj
c:\users\kathy\documents\nyu\introgameprog\csuy3113\lecturecode\1.16 - coding triangle\visualstudiosdlproject\sdlproject\debug\glew32.dll
c:\users\kathy\documents\nyu\introgameprog\csuy3113\lecturecode\1.16 - coding triangle\visualstudiosdlproject\sdlproject\debug\sdl2.dll
c:\users\kathy\documents\nyu\introgameprog\project template\visualstudiosdlproject\visualstudiosdlproject\sdlproject\debug\sdlproject.exe
c:\users\kathy\documents\nyu\introgameprog\project template\visualstudiosdlproject\visualstudiosdlproject\sdlproject\debug\sdlproject.ilk
c:\users\kathy\documents\nyu\introgameprog\project template\visualstudiosdlproject\visualstudiosdlproject\sdlproject\debug\sdlproject.pdb
c:\users\kathy\documents\nyu\introgameprog\csuy3113\lecturecode\1.16 - coding triangle\visualstudiosdlproject\sdlproject\debug\sdlproject.exe
c:\users\kathy\documents\nyu\introgameprog\csuy3113\lecturecode\1.16 - coding triangle\visualstudiosdlproject\sdlproject\debug\sdlproject.ilk
c:\users\kathy\documents\nyu\introgameprog\csuy3113\lecturecode\1.16 - coding triangle\visualstudiosdlproject\sdlproject\debug\sdlproject.pdb
c:\users\kathy\documents\nyu\introgameprog\csuy3113\lecturecode\1.16 - coding triangle\visualstudiosdlproject\sdlproject\debug\sdlproject.tlog\cl.command.1.tlog
c:\users\kathy\documents\nyu\introgameprog\csuy3113\lecturecode\1.16 - coding triangle\visualstudiosdlproject\sdlproject\debug\sdlproject.tlog\cl.read.1.tlog
c:\users\kathy\documents\nyu\introgameprog\csuy3113\lecturecode\1.16 - coding triangle\visualstudiosdlproject\sdlproject\debug\sdlproject.tlog\cl.write.1.tlog
c:\users\kathy\documents\nyu\introgameprog\csuy3113\lecturecode\1.16 - coding triangle\visualstudiosdlproject\sdlproject\debug\sdlproject.tlog\copyfile.command.1.tlog
c:\users\kathy\documents\nyu\introgameprog\csuy3113\lecturecode\1.16 - coding triangle\visualstudiosdlproject\sdlproject\debug\sdlproject.tlog\copyfile.read.1.tlog
c:\users\kathy\documents\nyu\introgameprog\csuy3113\lecturecode\1.16 - coding triangle\visualstudiosdlproject\sdlproject\debug\sdlproject.tlog\copyfile.write.1.tlog
c:\users\kathy\documents\nyu\introgameprog\csuy3113\lecturecode\1.16 - coding triangle\visualstudiosdlproject\sdlproject\debug\sdlproject.tlog\link.command.1.tlog
c:\users\kathy\documents\nyu\introgameprog\csuy3113\lecturecode\1.16 - coding triangle\visualstudiosdlproject\sdlproject\debug\sdlproject.tlog\link.read.1.tlog
c:\users\kathy\documents\nyu\introgameprog\csuy3113\lecturecode\1.16 - coding triangle\visualstudiosdlproject\sdlproject\debug\sdlproject.tlog\link.write.1.tlog
